<?xml version="1.0" encoding="utf-8"?><testsuites name="pytest tests"><testsuite name="pytest" errors="0" failures="0" skipped="0" tests="12" time="1.560" timestamp="2026-04-25T10:09:44.139179+00:00" hostname="agent-env-edfc84ae-459b-4116-90d9-feab6ee4e994"><testcase classname="backend.tests.test_iteration6_indicators.TestScreenIndicators" name="test_screen_has_rows" time="0.286" /><testcase classname="backend.tests.test_iteration6_indicators.TestScreenIndicators" name="test_screen_indicator_fields_non_null" time="0.000" /><testcase classname="backend.tests.test_iteration6_indicators.TestScreenIndicators" name="test_screen_sector_rs_pct_in_unit_range" time="0.000" /><testcase classname="backend.tests.test_iteration6_indicators.TestScreenIndicators" name="test_screen_sector_rs_avg_numeric" time="0.000" /><testcase classname="backend.tests.test_iteration6_indicators.TestSymbolDetailBars" name="test_groww_bars_have_new_fields" time="0.124" /><testcase classname="backend.tests.test_iteration6_indicators.TestSymbolDetailBars" name="test_groww_purple_dots_present" time="0.108" /><testcase classname="backend.tests.test_iteration6_indicators.TestWatchlistEnrichment" name="test_watchlist_rows_have_new_cols" time="0.383" /><testcase classname="backend.tests.test_iteration6_indicators.TestDbSchemaIdempotent" name="test_init_schemas_callable_twice" time="0.003" /><testcase classname="backend.tests.test_iteration6_indicators.TestRegression" name="test_rs_grid_ok" time="0.152" /><testcase classname="backend.tests.test_iteration6_indicators.TestRegression" name="test_watchlist_refresh_meta" time="0.145" /><testcase classname="backend.tests.test_iteration6_indicators.TestRegression" name="test_watchlist_add_remove_existing_symbol" time="0.144" /><testcase classname="backend.tests.test_iteration6_indicators.TestRegression" name="test_positions_endpoint_alive" time="0.146" /></testsuite></testsuites>