<?xml version="1.0" encoding="utf-8"?><testsuites name="pytest tests"><testsuite name="pytest" errors="0" failures="0" skipped="0" tests="17" time="3.149" timestamp="2026-04-25T09:31:58.701560+00:00" hostname="agent-env-edfc84ae-459b-4116-90d9-feab6ee4e994"><testcase classname="backend.tests.test_iteration4_features" name="test_endpoint_returns_200[/api/health]" time="0.214" /><testcase classname="backend.tests.test_iteration4_features" name="test_endpoint_returns_200[/api/regime]" time="0.049" /><testcase classname="backend.tests.test_iteration4_features" name="test_endpoint_returns_200[/api/universe/summary]" time="0.053" /><testcase classname="backend.tests.test_iteration4_features" name="test_endpoint_returns_200[/api/screen]" time="0.053" /><testcase classname="backend.tests.test_iteration4_features" name="test_endpoint_returns_200[/api/rs_grid]" time="0.061" /><testcase classname="backend.tests.test_iteration4_features" name="test_endpoint_returns_200[/api/candidates]" time="0.046" /><testcase classname="backend.tests.test_iteration4_features" name="test_endpoint_returns_200[/api/positions]" time="0.045" /><testcase classname="backend.tests.test_iteration4_features" name="test_endpoint_returns_200[/api/watchlist]" time="0.072" /><testcase classname="backend.tests.test_iteration4_features" name="test_endpoint_returns_200[/api/pipeline/status]" time="0.044" /><testcase classname="backend.tests.test_iteration4_features" name="test_endpoint_returns_200[/api/universe]" time="0.068" /><testcase classname="backend.tests.test_iteration4_features" name="test_screen_sector_filter_no_crash" time="0.048" /><testcase classname="backend.tests.test_iteration4_features" name="test_screen_industry_filter_no_crash" time="0.050" /><testcase classname="backend.tests.test_iteration4_features" name="test_screen_basic_industry_filter_no_crash" time="0.048" /><testcase classname="backend.tests.test_iteration4_features" name="test_watchlist_rows_have_sector_industry" time="0.073" /><testcase classname="backend.tests.test_iteration4_features" name="test_watchlist_add_avantifeed_real_sector_industry" time="1.722" /><testcase classname="backend.tests.test_iteration4_features" name="test_refresh_meta_empty_body_returns_ok" time="0.047" /><testcase classname="backend.tests.test_iteration4_features" name="test_refresh_meta_specific_symbol" time="0.364" /></testsuite></testsuites>