<?xml version="1.0" encoding="utf-8"?><testsuites name="pytest tests"><testsuite name="pytest" errors="0" failures="0" skipped="0" tests="10" time="2.316" timestamp="2026-04-25T10:28:06.338259+00:00" hostname="agent-env-edfc84ae-459b-4116-90d9-feab6ee4e994"><testcase classname="backend.tests.test_iteration7_ribbon_bulk.TestIpoBasket" name="test_ipo_basket_returns_15" time="0.232" /><testcase classname="backend.tests.test_iteration7_ribbon_bulk.TestIpoBasket" name="test_ipo_basket_contains_expected" time="0.044" /><testcase classname="backend.tests.test_iteration7_ribbon_bulk.TestAddBulk" name="test_bulk_add_list_in_universe" time="0.145" /><testcase classname="backend.tests.test_iteration7_ribbon_bulk.TestAddBulk" name="test_bulk_add_empty_list_400" time="0.044" /><testcase classname="backend.tests.test_iteration7_ribbon_bulk.TestAddBulk" name="test_bulk_add_string_with_commas" time="0.186" /><testcase classname="backend.tests.test_iteration7_ribbon_bulk.TestAddBulk" name="test_bulk_add_partial_failure_no_crash" time="1.115" /><testcase classname="backend.tests.test_iteration7_ribbon_bulk.TestRegression" name="test_health" time="0.045" /><testcase classname="backend.tests.test_iteration7_ribbon_bulk.TestRegression" name="test_screen_has_buying_force_sort" time="0.055" /><testcase classname="backend.tests.test_iteration7_ribbon_bulk.TestRegression" name="test_candidates_endpoint" time="0.056" /><testcase classname="backend.tests.test_iteration7_ribbon_bulk.TestRegression" name="test_watchlist_baseline" time="0.320" /></testsuite></testsuites>