<?xml version="1.0" encoding="utf-8"?><testsuites name="pytest tests"><testsuite name="pytest" errors="0" failures="1" skipped="0" tests="13" time="1.230" timestamp="2026-04-25T09:51:16.710048+00:00" hostname="agent-env-edfc84ae-459b-4116-90d9-feab6ee4e994"><testcase classname="backend.tests.test_iteration5_positions.TestRSGrid" name="test_rs_grid_returns_200_after_pipeline" time="0.215" /><testcase classname="backend.tests.test_iteration5_positions.TestPositionAdd" name="test_add_success" time="0.111" /><testcase classname="backend.tests.test_iteration5_positions.TestPositionAdd" name="test_missing_symbol" time="0.047" /><testcase classname="backend.tests.test_iteration5_positions.TestPositionAdd" name="test_missing_entry_price" time="0.045" /><testcase classname="backend.tests.test_iteration5_positions.TestPositionAdd" name="test_stop_above_entry" time="0.052" /><testcase classname="backend.tests.test_iteration5_positions.TestPositionAdd" name="test_invalid_state" time="0.045" /><testcase classname="backend.tests.test_iteration5_positions.TestPositionLifecycle" name="test_update_stop_price" time="0.151" /><testcase classname="backend.tests.test_iteration5_positions.TestPositionLifecycle" name="test_update_404" time="0.048" /><testcase classname="backend.tests.test_iteration5_positions.TestPositionLifecycle" name="test_exit_invalid_state" time="0.051"><failure message="AssertionError: spec says EXITED_NOTREAL must be rejected; got 200 body={&quot;ok&quot;:true,&quot;id&quot;:4,&quot;state&quot;:&quot;EXITED_NOTREAL&quot;,&quot;pnl_pct&quot;:0.048077}&#10;assert 200 == 400&#10; +  where 200 = &lt;Response [200]&gt;.status_code">backend/tests/test_iteration5_positions.py:136: in test_exit_invalid_state
    assert r.status_code == 400, \
E   AssertionError: spec says EXITED_NOTREAL must be rejected; got 200 body={"ok":true,"id":4,"state":"EXITED_NOTREAL","pnl_pct":0.048077}
E   assert 200 == 400
E    +  where 200 = &lt;Response [200]&gt;.status_code</failure></testcase><testcase classname="backend.tests.test_iteration5_positions.TestPositionLifecycle" name="test_exit_success" time="0.101" /><testcase classname="backend.tests.test_iteration5_positions.TestPositionLifecycle" name="test_delete_success" time="0.102" /><testcase classname="backend.tests.test_iteration5_positions.TestPositionLifecycle" name="test_delete_404" time="0.044" /><testcase classname="backend.tests.test_iteration5_positions" name="test_zzz_cleanup" time="0.106" /></testsuite></testsuites>