<?xml version="1.0" encoding="utf-8"?><testsuites name="pytest tests"><testsuite name="pytest" errors="0" failures="10" skipped="0" tests="26" time="9.361" timestamp="2026-04-25T09:30:56.426358+00:00" hostname="agent-env-edfc84ae-459b-4116-90d9-feab6ee4e994"><testcase classname="backend.tests.test_swingedge_api" name="test_health" time="0.219" /><testcase classname="backend.tests.test_swingedge_api" name="test_regime" time="0.050"><failure message="AssertionError: regime not available: {'available': False}&#10;assert False is True&#10; +  where False = &lt;built-in method get of dict object at 0xff17a004b200&gt;('available')&#10; +    where &lt;built-in method get of dict object at 0xff17a004b200&gt; = {'available': False}.get">backend/tests/test_swingedge_api.py:32: in test_regime
    assert d.get("available") is True, f"regime not available: {d}"
E   AssertionError: regime not available: {'available': False}
E   assert False is True
E    +  where False = &lt;built-in method get of dict object at 0xff17a004b200&gt;('available')
E    +    where &lt;built-in method get of dict object at 0xff17a004b200&gt; = {'available': False}.get</failure></testcase><testcase classname="backend.tests.test_swingedge_api" name="test_universe_summary" time="0.055"><failure message="AssertionError: assert False is True&#10; +  where False = &lt;built-in method get of dict object at 0xff17a003a700&gt;('available')&#10; +    where &lt;built-in method get of dict object at 0xff17a003a700&gt; = {'available': False}.get">backend/tests/test_swingedge_api.py:49: in test_universe_summary
    assert d.get("available") is True
E   AssertionError: assert False is True
E    +  where False = &lt;built-in method get of dict object at 0xff17a003a700&gt;('available')
E    +    where &lt;built-in method get of dict object at 0xff17a003a700&gt; = {'available': False}.get</failure></testcase><testcase classname="backend.tests.test_swingedge_api" name="test_screen_basic" time="0.051"><failure message="AssertionError: assert False is True&#10; +  where False = &lt;built-in method get of dict object at 0xff17a0637740&gt;('available')&#10; +    where &lt;built-in method get of dict object at 0xff17a0637740&gt; = {'available': False, 'rows': []}.get">backend/tests/test_swingedge_api.py:76: in test_screen_basic
    assert d.get("available") is True
E   AssertionError: assert False is True
E    +  where False = &lt;built-in method get of dict object at 0xff17a0637740&gt;('available')
E    +    where &lt;built-in method get of dict object at 0xff17a0637740&gt; = {'available': False, 'rows': []}.get</failure></testcase><testcase classname="backend.tests.test_swingedge_api" name="test_screen_filters" time="0.052"><failure message="AssertionError: assert False is True&#10; +  where False = &lt;built-in method get of dict object at 0xff17a0100a40&gt;('available')&#10; +    where &lt;built-in method get of dict object at 0xff17a0100a40&gt; = {'available': False, 'rows': []}.get">backend/tests/test_swingedge_api.py:84: in test_screen_filters
    assert d.get("available") is True
E   AssertionError: assert False is True
E    +  where False = &lt;built-in method get of dict object at 0xff17a0100a40&gt;('available')
E    +    where &lt;built-in method get of dict object at 0xff17a0100a40&gt; = {'available': False, 'rows': []}.get</failure></testcase><testcase classname="backend.tests.test_swingedge_api" name="test_rs_grid" time="0.050"><failure message="assert False is True">backend/tests/test_swingedge_api.py:94: in test_rs_grid
    assert d["available"] is True
E   assert False is True</failure></testcase><testcase classname="backend.tests.test_swingedge_api" name="test_candidates" time="0.051" /><testcase classname="backend.tests.test_swingedge_api" name="test_candidates_history" time="0.050"><failure message="AssertionError: assert False is True&#10; +  where False = &lt;built-in method get of dict object at 0xff17a003a9c0&gt;('available')&#10; +    where &lt;built-in method get of dict object at 0xff17a003a9c0&gt; = {'available': False, 'rows': []}.get">backend/tests/test_swingedge_api.py:120: in test_candidates_history
    assert d.get("available") is True
E   AssertionError: assert False is True
E    +  where False = &lt;built-in method get of dict object at 0xff17a003a9c0&gt;('available')
E    +    where &lt;built-in method get of dict object at 0xff17a003a9c0&gt; = {'available': False, 'rows': []}.get</failure></testcase><testcase classname="backend.tests.test_swingedge_api" name="test_positions" time="0.049"><failure message="AssertionError: assert False is True&#10; +  where False = &lt;built-in method get of dict object at 0xff17a0508a40&gt;('available')&#10; +    where &lt;built-in method get of dict object at 0xff17a0508a40&gt; = {'available': False, 'rows': []}.get">backend/tests/test_swingedge_api.py:133: in test_positions
    assert d.get("available") is True
E   AssertionError: assert False is True
E    +  where False = &lt;built-in method get of dict object at 0xff17a0508a40&gt;('available')
E    +    where &lt;built-in method get of dict object at 0xff17a0508a40&gt; = {'available': False, 'rows': []}.get</failure></testcase><testcase classname="backend.tests.test_swingedge_api" name="test_watchlist_get" time="0.066" /><testcase classname="backend.tests.test_swingedge_api" name="test_watchlist_add_remove" time="0.274" /><testcase classname="backend.tests.test_swingedge_api" name="test_watchlist_add_missing_symbol" time="0.049" /><testcase classname="backend.tests.test_swingedge_api" name="test_watchlist_add_unknown_symbol_returns_400" time="0.919" /><testcase classname="backend.tests.test_swingedge_api" name="test_watchlist_get_remains_200_after_add_attempts" time="0.523" /><testcase classname="backend.tests.test_swingedge_api" name="test_symbol_detail" time="0.051"><failure message="assert False is True&#10; +  where False = &lt;built-in method get of dict object at 0xff179fe8d480&gt;('available')&#10; +    where &lt;built-in method get of dict object at 0xff179fe8d480&gt; = {'available': False, 'error': &quot;Execution failed on sql 'SELECT date, open, high, low, close, volume FROM ohlcv WHERE symbol=? ORDER BY date DESC LIMIT ?': no such table: ohlcv&quot;}.get">backend/tests/test_swingedge_api.py:209: in test_symbol_detail
    assert d.get("available") is True
E   assert False is True
E    +  where False = &lt;built-in method get of dict object at 0xff179fe8d480&gt;('available')
E    +    where &lt;built-in method get of dict object at 0xff179fe8d480&gt; = {'available': False, 'error': "Execution failed on sql 'SELECT date, open, high, low, close, volume FROM ohlcv WHERE symbol=? ORDER BY date DESC LIMIT ?': no such table: ohlcv"}.get</failure></testcase><testcase classname="backend.tests.test_swingedge_api" name="test_svro_arms" time="0.050" /><testcase classname="backend.tests.test_swingedge_api" name="test_pipeline_status" time="0.049" /><testcase classname="backend.tests.test_swingedge_api" name="test_pipeline_run_idempotent_running_check" time="0.598" /><testcase classname="backend.tests.test_swingedge_api" name="test_universe" time="0.071" /><testcase classname="backend.tests.test_swingedge_api" name="test_config_no_secrets" time="0.057" /><testcase classname="backend.tests.test_swingedge_api" name="test_positions_no_demo_seed_marker" time="0.049" /><testcase classname="backend.tests.test_swingedge_api" name="test_universe_summary_three_level_breakdown" time="0.049"><failure message="AssertionError: assert ('sectors' in {'available': False})">backend/tests/test_swingedge_api.py:292: in test_universe_summary_three_level_breakdown
    assert "sectors" in d and "industries" in d and "basic_industries" in d
E   AssertionError: assert ('sectors' in {'available': False})</failure></testcase><testcase classname="backend.tests.test_swingedge_api" name="test_watchlist_groww_has_real_data" time="0.057"><failure message="AssertionError: GROWW grade is null: {'symbol': 'GROWW', 'date_added': '2026-04-25', 'source_reason': 'manual', 'name': 'GROWW', 'sector': 'Financials', 'industry': 'Brokerage', 'grade': None, 'rs_score': None, 'close': None, 'purple_dot': None, 'purple_dot_count_30d': None, 'extended_yellow': None, 'extended_red': None, 'bucket': None, 'grade_history_5d': []}&#10;assert None is not None&#10; +  where None = &lt;built-in method get of dict object at 0xff179fe9c700&gt;('grade')&#10; +    where &lt;built-in method get of dict object at 0xff179fe9c700&gt; = {'bucket': None, 'close': None, 'date_added': '2026-04-25', 'extended_red': None, ...}.get">backend/tests/test_swingedge_api.py:308: in test_watchlist_groww_has_real_data
    assert g.get("grade") is not None, f"GROWW grade is null: {g}"
E   AssertionError: GROWW grade is null: {'symbol': 'GROWW', 'date_added': '2026-04-25', 'source_reason': 'manual', 'name': 'GROWW', 'sector': 'Financials', 'industry': 'Brokerage', 'grade': None, 'rs_score': None, 'close': None, 'purple_dot': None, 'purple_dot_count_30d': None, 'extended_yellow': None, 'extended_red': None, 'bucket': None, 'grade_history_5d': []}
E   assert None is not None
E    +  where None = &lt;built-in method get of dict object at 0xff179fe9c700&gt;('grade')
E    +    where &lt;built-in method get of dict object at 0xff179fe9c700&gt; = {'bucket': None, 'close': None, 'date_added': '2026-04-25', 'extended_red': None, ...}.get</failure></testcase><testcase classname="backend.tests.test_swingedge_api" name="test_watchlist_add_unknown_yfinance_returns_400" time="0.511" /><testcase classname="backend.tests.test_swingedge_api" name="test_watchlist_add_auto_extends_universe" time="3.568" /><testcase classname="backend.tests.test_swingedge_api" name="test_pipeline_backfill_starts" time="1.602" /></testsuite></testsuites>