<?xml version="1.0" encoding="utf-8"?><testsuites name="pytest tests"><testsuite name="pytest" errors="0" failures="1" skipped="0" tests="18" time="1.944" timestamp="2026-04-25T08:29:23.767911+00:00" hostname="agent-env-51d172be-2a06-4e1e-9483-29a235028169"><testcase classname="backend.tests.test_swingedge_api" name="test_health" time="0.127" /><testcase classname="backend.tests.test_swingedge_api" name="test_regime" time="0.042" /><testcase classname="backend.tests.test_swingedge_api" name="test_universe_summary" time="0.072" /><testcase classname="backend.tests.test_swingedge_api" name="test_screen_basic" time="0.166" /><testcase classname="backend.tests.test_swingedge_api" name="test_screen_filters" time="0.053" /><testcase classname="backend.tests.test_swingedge_api" name="test_rs_grid" time="0.082" /><testcase classname="backend.tests.test_swingedge_api" name="test_candidates" time="0.048" /><testcase classname="backend.tests.test_swingedge_api" name="test_candidates_history" time="0.046" /><testcase classname="backend.tests.test_swingedge_api" name="test_positions" time="0.048" /><testcase classname="backend.tests.test_swingedge_api" name="test_watchlist_get" time="0.099" /><testcase classname="backend.tests.test_swingedge_api" name="test_watchlist_add_remove" time="0.142"><failure message="requests.exceptions.JSONDecodeError: Expecting value: line 1 column 1 (char 0)">E   json.decoder.JSONDecodeError: Expecting value: line 1 column 1 (char 0)

During handling of the above exception, another exception occurred:
E   requests.exceptions.JSONDecodeError: Expecting value: line 1 column 1 (char 0)</failure></testcase><testcase classname="backend.tests.test_swingedge_api" name="test_watchlist_add_missing_symbol" time="0.041" /><testcase classname="backend.tests.test_swingedge_api" name="test_symbol_detail" time="0.064" /><testcase classname="backend.tests.test_swingedge_api" name="test_svro_arms" time="0.049" /><testcase classname="backend.tests.test_swingedge_api" name="test_pipeline_status" time="0.044" /><testcase classname="backend.tests.test_swingedge_api" name="test_pipeline_run_idempotent_running_check" time="0.583" /><testcase classname="backend.tests.test_swingedge_api" name="test_universe" time="0.050" /><testcase classname="backend.tests.test_swingedge_api" name="test_config_no_secrets" time="0.092" /></testsuite></testsuites>